1    [XML-RPC-0] ERROR org.apache.xmlrpc.server.XmlRpcErrorLogger - Failed to invoke method execute in class com.nantic.jasperreports.JasperServer: Byte data not found at location : /home/kittiu/hd/workspace/pabi2/pb2_pabi/pabi_forms/jrxml_reports/receipt.jpg
org.apache.xmlrpc.common.XmlRpcInvocationException: Failed to invoke method execute in class com.nantic.jasperreports.JasperServer: Byte data not found at location : /home/kittiu/hd/workspace/pabi2/pb2_pabi/pabi_forms/jrxml_reports/receipt.jpg
	at org.apache.xmlrpc.server.ReflectiveXmlRpcHandler.invoke(ReflectiveXmlRpcHandler.java:129)
	at org.apache.xmlrpc.server.ReflectiveXmlRpcHandler.execute(ReflectiveXmlRpcHandler.java:106)
	at org.apache.xmlrpc.server.XmlRpcServerWorker.execute(XmlRpcServerWorker.java:46)
	at org.apache.xmlrpc.server.XmlRpcServer.execute(XmlRpcServer.java:86)
	at org.apache.xmlrpc.server.XmlRpcStreamServer.execute(XmlRpcStreamServer.java:200)
	at org.apache.xmlrpc.webserver.Connection.run(Connection.java:208)
	at org.apache.xmlrpc.util.ThreadPool$Poolable$1.run(ThreadPool.java:68)
Caused by: net.sf.jasperreports.engine.JRException: Byte data not found at location : /home/kittiu/hd/workspace/pabi2/pb2_pabi/pabi_forms/jrxml_reports/receipt.jpg
	at net.sf.jasperreports.engine.util.JRLoader.loadBytesFromLocation(JRLoader.java:563)
	at net.sf.jasperreports.engine.JRImageRenderer.getInstance(JRImageRenderer.java:217)
	at net.sf.jasperreports.engine.fill.JRFillImage.evaluateImage(JRFillImage.java:1057)
	at net.sf.jasperreports.engine.fill.JRFillImage.evaluate(JRFillImage.java:1004)
	at net.sf.jasperreports.engine.fill.JRFillElementContainer.evaluate(JRFillElementContainer.java:258)
	at net.sf.jasperreports.engine.fill.JRFillBand.evaluate(JRFillBand.java:499)
	at net.sf.jasperreports.engine.fill.JRVerticalFiller.fillBackground(JRVerticalFiller.java:1807)
	at net.sf.jasperreports.engine.fill.JRVerticalFiller.fillReportStart(JRVerticalFiller.java:260)
	at net.sf.jasperreports.engine.fill.JRVerticalFiller.fillReport(JRVerticalFiller.java:128)
	at net.sf.jasperreports.engine.fill.JRBaseFiller.fill(JRBaseFiller.java:946)
	at net.sf.jasperreports.engine.fill.JRBaseFiller.fill(JRBaseFiller.java:864)
	at net.sf.jasperreports.engine.fill.JRFiller.fillReport(JRFiller.java:84)
	at net.sf.jasperreports.engine.JasperFillManager.fillReport(JasperFillManager.java:624)
	at com.nantic.jasperreports.JasperServer.privateExecute(JasperServer.java:212)
	at com.nantic.jasperreports.JasperServer.execute(JasperServer.java:121)
	at sun.reflect.NativeMethodAccessorImpl.invoke0(Native Method)
	at sun.reflect.NativeMethodAccessorImpl.invoke(NativeMethodAccessorImpl.java:57)
	at sun.reflect.DelegatingMethodAccessorImpl.invoke(DelegatingMethodAccessorImpl.java:43)
	at java.lang.reflect.Method.invoke(Method.java:606)
	at org.apache.xmlrpc.server.ReflectiveXmlRpcHandler.invoke(ReflectiveXmlRpcHandler.java:115)
	... 6 more
Caused by:
net.sf.jasperreports.engine.JRException: Byte data not found at location : /home/kittiu/hd/workspace/pabi2/pb2_pabi/pabi_forms/jrxml_reports/receipt.jpg
	at net.sf.jasperreports.engine.util.JRLoader.loadBytesFromLocation(JRLoader.java:563)
	at net.sf.jasperreports.engine.JRImageRenderer.getInstance(JRImageRenderer.java:217)
	at net.sf.jasperreports.engine.fill.JRFillImage.evaluateImage(JRFillImage.java:1057)
	at net.sf.jasperreports.engine.fill.JRFillImage.evaluate(JRFillImage.java:1004)
	at net.sf.jasperreports.engine.fill.JRFillElementContainer.evaluate(JRFillElementContainer.java:258)
	at net.sf.jasperreports.engine.fill.JRFillBand.evaluate(JRFillBand.java:499)
	at net.sf.jasperreports.engine.fill.JRVerticalFiller.fillBackground(JRVerticalFiller.java:1807)
	at net.sf.jasperreports.engine.fill.JRVerticalFiller.fillReportStart(JRVerticalFiller.java:260)
	at net.sf.jasperreports.engine.fill.JRVerticalFiller.fillReport(JRVerticalFiller.java:128)
	at net.sf.jasperreports.engine.fill.JRBaseFiller.fill(JRBaseFiller.java:946)
	at net.sf.jasperreports.engine.fill.JRBaseFiller.fill(JRBaseFiller.java:864)
	at net.sf.jasperreports.engine.fill.JRFiller.fillReport(JRFiller.java:84)
	at net.sf.jasperreports.engine.JasperFillManager.fillReport(JasperFillManager.java:624)
	at com.nantic.jasperreports.JasperServer.privateExecute(JasperServer.java:212)
	at com.nantic.jasperreports.JasperServer.execute(JasperServer.java:121)
	at sun.reflect.NativeMethodAccessorImpl.invoke0(Native Method)
	at sun.reflect.NativeMethodAccessorImpl.invoke(NativeMethodAccessorImpl.java:57)
	at sun.reflect.DelegatingMethodAccessorImpl.invoke(DelegatingMethodAccessorImpl.java:43)
	at java.lang.reflect.Method.invoke(Method.java:606)
	at org.apache.xmlrpc.server.ReflectiveXmlRpcHandler.invoke(ReflectiveXmlRpcHandler.java:115)
	at org.apache.xmlrpc.server.ReflectiveXmlRpcHandler.execute(ReflectiveXmlRpcHandler.java:106)
	at org.apache.xmlrpc.server.XmlRpcServerWorker.execute(XmlRpcServerWorker.java:46)
	at org.apache.xmlrpc.server.XmlRpcServer.execute(XmlRpcServer.java:86)
	at org.apache.xmlrpc.server.XmlRpcStreamServer.execute(XmlRpcStreamServer.java:200)
	at org.apache.xmlrpc.webserver.Connection.run(Connection.java:208)
	at org.apache.xmlrpc.util.ThreadPool$Poolable$1.run(ThreadPool.java:68)
177490 [XML-RPC-0] ERROR org.apache.xmlrpc.server.XmlRpcErrorLogger - Failed to invoke method execute in class com.nantic.jasperreports.JasperServer: Report design not valid : 
	 1. Warning : Element bottom reaches outside band area : y=15 height=792 band-height=792
org.apache.xmlrpc.common.XmlRpcInvocationException: Failed to invoke method execute in class com.nantic.jasperreports.JasperServer: Report design not valid : 
	 1. Warning : Element bottom reaches outside band area : y=15 height=792 band-height=792
	at org.apache.xmlrpc.server.ReflectiveXmlRpcHandler.invoke(ReflectiveXmlRpcHandler.java:129)
	at org.apache.xmlrpc.server.ReflectiveXmlRpcHandler.execute(ReflectiveXmlRpcHandler.java:106)
	at org.apache.xmlrpc.server.XmlRpcServerWorker.execute(XmlRpcServerWorker.java:46)
	at org.apache.xmlrpc.server.XmlRpcServer.execute(XmlRpcServer.java:86)
	at org.apache.xmlrpc.server.XmlRpcStreamServer.execute(XmlRpcStreamServer.java:200)
	at org.apache.xmlrpc.webserver.Connection.run(Connection.java:208)
	at org.apache.xmlrpc.util.ThreadPool$Poolable$1.run(ThreadPool.java:68)
Caused by: net.sf.jasperreports.engine.design.JRValidationException: Report design not valid : 
	 1. Warning : Element bottom reaches outside band area : y=15 height=792 band-height=792
	at net.sf.jasperreports.engine.design.JRAbstractCompiler.verifyDesign(JRAbstractCompiler.java:258)
	at net.sf.jasperreports.engine.design.JRAbstractCompiler.compileReport(JRAbstractCompiler.java:140)
	at net.sf.jasperreports.engine.JasperCompileManager.compileReport(JasperCompileManager.java:215)
	at net.sf.jasperreports.engine.JasperCompileManager.compileReportToFile(JasperCompileManager.java:131)
	at net.sf.jasperreports.engine.JasperCompileManager.compileReportToFile(JasperCompileManager.java:113)
	at com.nantic.jasperreports.JasperServer.compile(JasperServer.java:98)
	at com.nantic.jasperreports.JasperServer.privateExecute(JasperServer.java:137)
	at com.nantic.jasperreports.JasperServer.execute(JasperServer.java:121)
	at sun.reflect.NativeMethodAccessorImpl.invoke0(Native Method)
	at sun.reflect.NativeMethodAccessorImpl.invoke(NativeMethodAccessorImpl.java:57)
	at sun.reflect.DelegatingMethodAccessorImpl.invoke(DelegatingMethodAccessorImpl.java:43)
	at java.lang.reflect.Method.invoke(Method.java:606)
	at org.apache.xmlrpc.server.ReflectiveXmlRpcHandler.invoke(ReflectiveXmlRpcHandler.java:115)
	... 6 more
Caused by:
net.sf.jasperreports.engine.design.JRValidationException: Report design not valid : 
	 1. Warning : Element bottom reaches outside band area : y=15 height=792 band-height=792
	at net.sf.jasperreports.engine.design.JRAbstractCompiler.verifyDesign(JRAbstractCompiler.java:258)
	at net.sf.jasperreports.engine.design.JRAbstractCompiler.compileReport(JRAbstractCompiler.java:140)
	at net.sf.jasperreports.engine.JasperCompileManager.compileReport(JasperCompileManager.java:215)
	at net.sf.jasperreports.engine.JasperCompileManager.compileReportToFile(JasperCompileManager.java:131)
	at net.sf.jasperreports.engine.JasperCompileManager.compileReportToFile(JasperCompileManager.java:113)
	at com.nantic.jasperreports.JasperServer.compile(JasperServer.java:98)
	at com.nantic.jasperreports.JasperServer.privateExecute(JasperServer.java:137)
	at com.nantic.jasperreports.JasperServer.execute(JasperServer.java:121)
	at sun.reflect.NativeMethodAccessorImpl.invoke0(Native Method)
	at sun.reflect.NativeMethodAccessorImpl.invoke(NativeMethodAccessorImpl.java:57)
	at sun.reflect.DelegatingMethodAccessorImpl.invoke(DelegatingMethodAccessorImpl.java:43)
	at java.lang.reflect.Method.invoke(Method.java:606)
	at org.apache.xmlrpc.server.ReflectiveXmlRpcHandler.invoke(ReflectiveXmlRpcHandler.java:115)
	at org.apache.xmlrpc.server.ReflectiveXmlRpcHandler.execute(ReflectiveXmlRpcHandler.java:106)
	at org.apache.xmlrpc.server.XmlRpcServerWorker.execute(XmlRpcServerWorker.java:46)
	at org.apache.xmlrpc.server.XmlRpcServer.execute(XmlRpcServer.java:86)
	at org.apache.xmlrpc.server.XmlRpcStreamServer.execute(XmlRpcStreamServer.java:200)
	at org.apache.xmlrpc.webserver.Connection.run(Connection.java:208)
	at org.apache.xmlrpc.util.ThreadPool$Poolable$1.run(ThreadPool.java:68)
25   [XML-RPC-0] ERROR org.apache.xmlrpc.server.XmlRpcErrorLogger - Failed to invoke method execute in class com.nantic.jasperreports.JasperServer: Error evaluating expression : 
	Source text : $F{currency} == null ? "THB" : $F{currency}
org.apache.xmlrpc.common.XmlRpcInvocationException: Failed to invoke method execute in class com.nantic.jasperreports.JasperServer: Error evaluating expression : 
	Source text : $F{currency} == null ? "THB" : $F{currency}
	at org.apache.xmlrpc.server.ReflectiveXmlRpcHandler.invoke(ReflectiveXmlRpcHandler.java:129)
	at org.apache.xmlrpc.server.ReflectiveXmlRpcHandler.execute(ReflectiveXmlRpcHandler.java:106)
	at org.apache.xmlrpc.server.XmlRpcServerWorker.execute(XmlRpcServerWorker.java:46)
	at org.apache.xmlrpc.server.XmlRpcServer.execute(XmlRpcServer.java:86)
	at org.apache.xmlrpc.server.XmlRpcStreamServer.execute(XmlRpcStreamServer.java:200)
	at org.apache.xmlrpc.webserver.Connection.run(Connection.java:208)
	at org.apache.xmlrpc.util.ThreadPool$Poolable$1.run(ThreadPool.java:68)
Caused by: net.sf.jasperreports.engine.fill.JRExpressionEvalException: Error evaluating expression : 
	Source text : $F{currency} == null ? "THB" : $F{currency}
	at net.sf.jasperreports.engine.fill.JREvaluator.evaluate(JREvaluator.java:195)
	at net.sf.jasperreports.engine.fill.JRCalculator.evaluate(JRCalculator.java:589)
	at net.sf.jasperreports.engine.fill.JRCalculator.evaluate(JRCalculator.java:557)
	at net.sf.jasperreports.engine.fill.JRFillElement.evaluateExpression(JRFillElement.java:929)
	at net.sf.jasperreports.engine.fill.JRFillTextField.evaluateText(JRFillTextField.java:383)
	at net.sf.jasperreports.engine.fill.JRFillTextField.evaluate(JRFillTextField.java:368)
	at net.sf.jasperreports.engine.fill.JRFillElementContainer.evaluate(JRFillElementContainer.java:258)
	at net.sf.jasperreports.engine.fill.JRFillBand.evaluate(JRFillBand.java:499)
	at net.sf.jasperreports.engine.fill.JRVerticalFiller.fillBandNoOverflow(JRVerticalFiller.java:439)
	at net.sf.jasperreports.engine.fill.JRVerticalFiller.fillPageHeader(JRVerticalFiller.java:403)
	at net.sf.jasperreports.engine.fill.JRVerticalFiller.fillReportStart(JRVerticalFiller.java:264)
	at net.sf.jasperreports.engine.fill.JRVerticalFiller.fillReport(JRVerticalFiller.java:128)
	at net.sf.jasperreports.engine.fill.JRBaseFiller.fill(JRBaseFiller.java:946)
	at net.sf.jasperreports.engine.fill.JRBaseFiller.fill(JRBaseFiller.java:864)
	at net.sf.jasperreports.engine.fill.JRFiller.fillReport(JRFiller.java:84)
	at net.sf.jasperreports.engine.JasperFillManager.fillReport(JasperFillManager.java:624)
	at com.nantic.jasperreports.JasperServer.privateExecute(JasperServer.java:212)
	at com.nantic.jasperreports.JasperServer.execute(JasperServer.java:121)
	at sun.reflect.GeneratedMethodAccessor45.invoke(Unknown Source)
	at sun.reflect.DelegatingMethodAccessorImpl.invoke(DelegatingMethodAccessorImpl.java:43)
	at java.lang.reflect.Method.invoke(Method.java:606)
	at org.apache.xmlrpc.server.ReflectiveXmlRpcHandler.invoke(ReflectiveXmlRpcHandler.java:115)
	... 6 more
Caused by: org.codehaus.groovy.runtime.typehandling.GroovyCastException: Cannot cast object '' with class 'java.lang.String' to class 'java.util.Date'
	at org.codehaus.groovy.runtime.typehandling.DefaultTypeTransformation.castToType(DefaultTypeTransformation.java:327)
	at org.codehaus.groovy.runtime.ScriptBytecodeAdapter.castToType(ScriptBytecodeAdapter.java:602)
	at customer_receipt_voucher_1478439229586_153574.evaluate(calculator_customer_receipt_voucher_1478439229586_153574:731)
	at net.sf.jasperreports.engine.fill.JREvaluator.evaluate(JREvaluator.java:182)
	... 27 more
Caused by:
net.sf.jasperreports.engine.fill.JRExpressionEvalException: Error evaluating expression : 
	Source text : $F{currency} == null ? "THB" : $F{currency}
	at net.sf.jasperreports.engine.fill.JREvaluator.evaluate(JREvaluator.java:195)
	at net.sf.jasperreports.engine.fill.JRCalculator.evaluate(JRCalculator.java:589)
	at net.sf.jasperreports.engine.fill.JRCalculator.evaluate(JRCalculator.java:557)
	at net.sf.jasperreports.engine.fill.JRFillElement.evaluateExpression(JRFillElement.java:929)
	at net.sf.jasperreports.engine.fill.JRFillTextField.evaluateText(JRFillTextField.java:383)
	at net.sf.jasperreports.engine.fill.JRFillTextField.evaluate(JRFillTextField.java:368)
	at net.sf.jasperreports.engine.fill.JRFillElementContainer.evaluate(JRFillElementContainer.java:258)
	at net.sf.jasperreports.engine.fill.JRFillBand.evaluate(JRFillBand.java:499)
	at net.sf.jasperreports.engine.fill.JRVerticalFiller.fillBandNoOverflow(JRVerticalFiller.java:439)
	at net.sf.jasperreports.engine.fill.JRVerticalFiller.fillPageHeader(JRVerticalFiller.java:403)
	at net.sf.jasperreports.engine.fill.JRVerticalFiller.fillReportStart(JRVerticalFiller.java:264)
	at net.sf.jasperreports.engine.fill.JRVerticalFiller.fillReport(JRVerticalFiller.java:128)
	at net.sf.jasperreports.engine.fill.JRBaseFiller.fill(JRBaseFiller.java:946)
	at net.sf.jasperreports.engine.fill.JRBaseFiller.fill(JRBaseFiller.java:864)
	at net.sf.jasperreports.engine.fill.JRFiller.fillReport(JRFiller.java:84)
	at net.sf.jasperreports.engine.JasperFillManager.fillReport(JasperFillManager.java:624)
	at com.nantic.jasperreports.JasperServer.privateExecute(JasperServer.java:212)
	at com.nantic.jasperreports.JasperServer.execute(JasperServer.java:121)
	at sun.reflect.GeneratedMethodAccessor45.invoke(Unknown Source)
	at sun.reflect.DelegatingMethodAccessorImpl.invoke(DelegatingMethodAccessorImpl.java:43)
	at java.lang.reflect.Method.invoke(Method.java:606)
	at org.apache.xmlrpc.server.ReflectiveXmlRpcHandler.invoke(ReflectiveXmlRpcHandler.java:115)
	at org.apache.xmlrpc.server.ReflectiveXmlRpcHandler.execute(ReflectiveXmlRpcHandler.java:106)
	at org.apache.xmlrpc.server.XmlRpcServerWorker.execute(XmlRpcServerWorker.java:46)
	at org.apache.xmlrpc.server.XmlRpcServer.execute(XmlRpcServer.java:86)
	at org.apache.xmlrpc.server.XmlRpcStreamServer.execute(XmlRpcStreamServer.java:200)
	at org.apache.xmlrpc.webserver.Connection.run(Connection.java:208)
	at org.apache.xmlrpc.util.ThreadPool$Poolable$1.run(ThreadPool.java:68)
Caused by: org.codehaus.groovy.runtime.typehandling.GroovyCastException: Cannot cast object '' with class 'java.lang.String' to class 'java.util.Date'
	at org.codehaus.groovy.runtime.typehandling.DefaultTypeTransformation.castToType(DefaultTypeTransformation.java:327)
	at org.codehaus.groovy.runtime.ScriptBytecodeAdapter.castToType(ScriptBytecodeAdapter.java:602)
	at customer_receipt_voucher_1478439229586_153574.evaluate(calculator_customer_receipt_voucher_1478439229586_153574:731)
	at net.sf.jasperreports.engine.fill.JREvaluator.evaluate(JREvaluator.java:182)
	... 27 more
27799 [XML-RPC-0] ERROR org.apache.xmlrpc.server.XmlRpcErrorLogger - Failed to invoke method execute in class com.nantic.jasperreports.JasperServer: Error evaluating expression : 
	Source text : $F{currency}
org.apache.xmlrpc.common.XmlRpcInvocationException: Failed to invoke method execute in class com.nantic.jasperreports.JasperServer: Error evaluating expression : 
	Source text : $F{currency}
	at org.apache.xmlrpc.server.ReflectiveXmlRpcHandler.invoke(ReflectiveXmlRpcHandler.java:129)
	at org.apache.xmlrpc.server.ReflectiveXmlRpcHandler.execute(ReflectiveXmlRpcHandler.java:106)
	at org.apache.xmlrpc.server.XmlRpcServerWorker.execute(XmlRpcServerWorker.java:46)
	at org.apache.xmlrpc.server.XmlRpcServer.execute(XmlRpcServer.java:86)
	at org.apache.xmlrpc.server.XmlRpcStreamServer.execute(XmlRpcStreamServer.java:200)
	at org.apache.xmlrpc.webserver.Connection.run(Connection.java:208)
	at org.apache.xmlrpc.util.ThreadPool$Poolable$1.run(ThreadPool.java:68)
Caused by: net.sf.jasperreports.engine.fill.JRExpressionEvalException: Error evaluating expression : 
	Source text : $F{currency}
	at net.sf.jasperreports.engine.fill.JREvaluator.evaluate(JREvaluator.java:195)
	at net.sf.jasperreports.engine.fill.JRCalculator.evaluate(JRCalculator.java:589)
	at net.sf.jasperreports.engine.fill.JRCalculator.evaluate(JRCalculator.java:557)
	at net.sf.jasperreports.engine.fill.JRFillElement.evaluateExpression(JRFillElement.java:929)
	at net.sf.jasperreports.engine.fill.JRFillTextField.evaluateText(JRFillTextField.java:383)
	at net.sf.jasperreports.engine.fill.JRFillTextField.evaluate(JRFillTextField.java:368)
	at net.sf.jasperreports.engine.fill.JRFillElementContainer.evaluate(JRFillElementContainer.java:258)
	at net.sf.jasperreports.engine.fill.JRFillBand.evaluate(JRFillBand.java:499)
	at net.sf.jasperreports.engine.fill.JRVerticalFiller.fillBandNoOverflow(JRVerticalFiller.java:439)
	at net.sf.jasperreports.engine.fill.JRVerticalFiller.fillPageHeader(JRVerticalFiller.java:403)
	at net.sf.jasperreports.engine.fill.JRVerticalFiller.fillReportStart(JRVerticalFiller.java:264)
	at net.sf.jasperreports.engine.fill.JRVerticalFiller.fillReport(JRVerticalFiller.java:128)
	at net.sf.jasperreports.engine.fill.JRBaseFiller.fill(JRBaseFiller.java:946)
	at net.sf.jasperreports.engine.fill.JRBaseFiller.fill(JRBaseFiller.java:864)
	at net.sf.jasperreports.engine.fill.JRFiller.fillReport(JRFiller.java:84)
	at net.sf.jasperreports.engine.JasperFillManager.fillReport(JasperFillManager.java:624)
	at com.nantic.jasperreports.JasperServer.privateExecute(JasperServer.java:212)
	at com.nantic.jasperreports.JasperServer.execute(JasperServer.java:121)
	at sun.reflect.GeneratedMethodAccessor45.invoke(Unknown Source)
	at sun.reflect.DelegatingMethodAccessorImpl.invoke(DelegatingMethodAccessorImpl.java:43)
	at java.lang.reflect.Method.invoke(Method.java:606)
	at org.apache.xmlrpc.server.ReflectiveXmlRpcHandler.invoke(ReflectiveXmlRpcHandler.java:115)
	... 6 more
Caused by: org.codehaus.groovy.runtime.typehandling.GroovyCastException: Cannot cast object '' with class 'java.lang.String' to class 'java.util.Date'
	at org.codehaus.groovy.runtime.typehandling.DefaultTypeTransformation.castToType(DefaultTypeTransformation.java:327)
	at org.codehaus.groovy.runtime.ScriptBytecodeAdapter.castToType(ScriptBytecodeAdapter.java:602)
	at customer_receipt_voucher_1478439257329_568871.evaluate(calculator_customer_receipt_voucher_1478439257329_568871:731)
	at net.sf.jasperreports.engine.fill.JREvaluator.evaluate(JREvaluator.java:182)
	... 27 more
Caused by:
net.sf.jasperreports.engine.fill.JRExpressionEvalException: Error evaluating expression : 
	Source text : $F{currency}
	at net.sf.jasperreports.engine.fill.JREvaluator.evaluate(JREvaluator.java:195)
	at net.sf.jasperreports.engine.fill.JRCalculator.evaluate(JRCalculator.java:589)
	at net.sf.jasperreports.engine.fill.JRCalculator.evaluate(JRCalculator.java:557)
	at net.sf.jasperreports.engine.fill.JRFillElement.evaluateExpression(JRFillElement.java:929)
	at net.sf.jasperreports.engine.fill.JRFillTextField.evaluateText(JRFillTextField.java:383)
	at net.sf.jasperreports.engine.fill.JRFillTextField.evaluate(JRFillTextField.java:368)
	at net.sf.jasperreports.engine.fill.JRFillElementContainer.evaluate(JRFillElementContainer.java:258)
	at net.sf.jasperreports.engine.fill.JRFillBand.evaluate(JRFillBand.java:499)
	at net.sf.jasperreports.engine.fill.JRVerticalFiller.fillBandNoOverflow(JRVerticalFiller.java:439)
	at net.sf.jasperreports.engine.fill.JRVerticalFiller.fillPageHeader(JRVerticalFiller.java:403)
	at net.sf.jasperreports.engine.fill.JRVerticalFiller.fillReportStart(JRVerticalFiller.java:264)
	at net.sf.jasperreports.engine.fill.JRVerticalFiller.fillReport(JRVerticalFiller.java:128)
	at net.sf.jasperreports.engine.fill.JRBaseFiller.fill(JRBaseFiller.java:946)
	at net.sf.jasperreports.engine.fill.JRBaseFiller.fill(JRBaseFiller.java:864)
	at net.sf.jasperreports.engine.fill.JRFiller.fillReport(JRFiller.java:84)
	at net.sf.jasperreports.engine.JasperFillManager.fillReport(JasperFillManager.java:624)
	at com.nantic.jasperreports.JasperServer.privateExecute(JasperServer.java:212)
	at com.nantic.jasperreports.JasperServer.execute(JasperServer.java:121)
	at sun.reflect.GeneratedMethodAccessor45.invoke(Unknown Source)
	at sun.reflect.DelegatingMethodAccessorImpl.invoke(DelegatingMethodAccessorImpl.java:43)
	at java.lang.reflect.Method.invoke(Method.java:606)
	at org.apache.xmlrpc.server.ReflectiveXmlRpcHandler.invoke(ReflectiveXmlRpcHandler.java:115)
	at org.apache.xmlrpc.server.ReflectiveXmlRpcHandler.execute(ReflectiveXmlRpcHandler.java:106)
	at org.apache.xmlrpc.server.XmlRpcServerWorker.execute(XmlRpcServerWorker.java:46)
	at org.apache.xmlrpc.server.XmlRpcServer.execute(XmlRpcServer.java:86)
	at org.apache.xmlrpc.server.XmlRpcStreamServer.execute(XmlRpcStreamServer.java:200)
	at org.apache.xmlrpc.webserver.Connection.run(Connection.java:208)
	at org.apache.xmlrpc.util.ThreadPool$Poolable$1.run(ThreadPool.java:68)
Caused by: org.codehaus.groovy.runtime.typehandling.GroovyCastException: Cannot cast object '' with class 'java.lang.String' to class 'java.util.Date'
	at org.codehaus.groovy.runtime.typehandling.DefaultTypeTransformation.castToType(DefaultTypeTransformation.java:327)
	at org.codehaus.groovy.runtime.ScriptBytecodeAdapter.castToType(ScriptBytecodeAdapter.java:602)
	at customer_receipt_voucher_1478439257329_568871.evaluate(calculator_customer_receipt_voucher_1478439257329_568871:731)
	at net.sf.jasperreports.engine.fill.JREvaluator.evaluate(JREvaluator.java:182)
	... 27 more
